2015-08-01 12:00:27,462 [Start Help Server] INFO  org.eclipse.jetty.util.log - Logging initialized @4360123ms
2015-08-01 12:00:27,786 [Start Help Server] INFO  org.eclipse.jetty.server.Server - jetty-9.2.9.v20150224
2015-08-01 12:00:27,925 [Start Help Server] INFO  o.e.j.server.handler.ContextHandler - Started o.e.j.s.ServletContextHandler@8af73b{/help,null,AVAILABLE}
2015-08-01 12:00:28,039 [Start Help Server] INFO  o.e.jetty.server.ServerConnector - Started ServerConnector@51cee0{HTTP/1.1}{127.0.0.1:51378}
2015-08-01 12:00:28,040 [Start Help Server] INFO  org.eclipse.jetty.server.Server - Started @4360735ms
2015-08-01 12:42:24,234 [Stop Help Server] INFO  o.e.jetty.server.ServerConnector - Stopped ServerConnector@51cee0{HTTP/1.1}{127.0.0.1:0}
2015-08-01 12:42:24,259 [Stop Help Server] INFO  o.e.j.server.handler.ContextHandler - Stopped o.e.j.s.ServletContextHandler@8af73b{/help,null,UNAVAILABLE}
2015-08-01 23:29:23,800 [Worker-15] INFO  o.e.m.c.i.e.AbstractTransferListenerAdapter - Downloading https://repo.maven.apache.org/maven2/com/google/google/5/google-5.pom
2015-08-01 23:29:24,584 [Worker-15] INFO  o.e.m.c.i.e.AbstractTransferListenerAdapter - Downloaded https://repo.maven.apache.org/maven2/com/google/google/5/google-5.pom
2015-08-01 23:29:26,100 [Worker-15] INFO  o.e.m.c.i.e.AbstractTransferListenerAdapter - Downloading https://repo.maven.apache.org/maven2/org/apache/maven/plugins/maven-checkstyle-plugin/2.6/maven-checkstyle-plugin-2.6.pom
2015-08-01 23:29:27,943 [Worker-15] INFO  o.e.m.c.i.e.AbstractTransferListenerAdapter - Downloaded https://repo.maven.apache.org/maven2/org/apache/maven/plugins/maven-checkstyle-plugin/2.6/maven-checkstyle-plugin-2.6.pom
2015-08-01 23:29:28,925 [Worker-15] INFO  o.e.m.c.i.e.AbstractTransferListenerAdapter - Downloading https://repo.maven.apache.org/maven2/org/apache/maven/plugins/maven-plugins/18/maven-plugins-18.pom
2015-08-01 23:29:30,120 [Worker-15] INFO  o.e.m.c.i.e.AbstractTransferListenerAdapter - Downloaded https://repo.maven.apache.org/maven2/org/apache/maven/plugins/maven-plugins/18/maven-plugins-18.pom
2015-08-01 23:29:30,754 [Worker-15] INFO  o.e.m.c.i.e.AbstractTransferListenerAdapter - Downloading https://repo.maven.apache.org/maven2/org/apache/maven/maven-parent/16/maven-parent-16.pom
2015-08-01 23:29:32,913 [Worker-15] INFO  o.e.m.c.i.e.AbstractTransferListenerAdapter - Downloaded https://repo.maven.apache.org/maven2/org/apache/maven/maven-parent/16/maven-parent-16.pom
2015-08-01 23:29:33,545 [Worker-15] INFO  o.e.m.c.i.e.AbstractTransferListenerAdapter - Downloading https://repo.maven.apache.org/maven2/org/apache/apache/7/apache-7.pom
2015-08-01 23:29:33,841 [Worker-15] INFO  o.e.m.c.i.e.AbstractTransferListenerAdapter - Downloaded https://repo.maven.apache.org/maven2/org/apache/apache/7/apache-7.pom
2015-08-01 23:29:34,499 [Worker-15] INFO  o.e.m.c.i.e.AbstractTransferListenerAdapter - Downloading https://repo.maven.apache.org/maven2/org/apache/maven/plugins/maven-checkstyle-plugin/2.6/maven-checkstyle-plugin-2.6.jar
2015-08-01 23:29:35,679 [Worker-15] INFO  o.e.m.c.i.e.AbstractTransferListenerAdapter - Downloaded https://repo.maven.apache.org/maven2/org/apache/maven/plugins/maven-checkstyle-plugin/2.6/maven-checkstyle-plugin-2.6.jar
2015-08-01 23:29:36,224 [Worker-15] INFO  o.e.m.c.i.e.AbstractTransferListenerAdapter - Downloading https://repo.maven.apache.org/maven2/org/codehaus/mojo/findbugs-maven-plugin/2.3.2/findbugs-maven-plugin-2.3.2.pom
2015-08-01 23:29:36,565 [Worker-15] INFO  o.e.m.c.i.e.AbstractTransferListenerAdapter - Downloaded https://repo.maven.apache.org/maven2/org/codehaus/mojo/findbugs-maven-plugin/2.3.2/findbugs-maven-plugin-2.3.2.pom
2015-08-01 23:29:36,933 [Worker-15] INFO  o.e.m.c.i.e.AbstractTransferListenerAdapter - Downloading https://repo.maven.apache.org/maven2/org/codehaus/mojo/mojo-parent/28/mojo-parent-28.pom
2015-08-01 23:29:39,057 [Worker-15] INFO  o.e.m.c.i.e.AbstractTransferListenerAdapter - Downloaded https://repo.maven.apache.org/maven2/org/codehaus/mojo/mojo-parent/28/mojo-parent-28.pom
2015-08-01 23:29:39,377 [Worker-15] INFO  o.e.m.c.i.e.AbstractTransferListenerAdapter - Downloading https://repo.maven.apache.org/maven2/org/codehaus/codehaus-parent/3/codehaus-parent-3.pom
2015-08-01 23:29:39,713 [Worker-15] INFO  o.e.m.c.i.e.AbstractTransferListenerAdapter - Downloaded https://repo.maven.apache.org/maven2/org/codehaus/codehaus-parent/3/codehaus-parent-3.pom
2015-08-01 23:29:40,081 [Worker-15] INFO  o.e.m.c.i.e.AbstractTransferListenerAdapter - Downloading https://repo.maven.apache.org/maven2/org/codehaus/mojo/findbugs-maven-plugin/2.3.2/findbugs-maven-plugin-2.3.2.jar
2015-08-01 23:29:42,612 [Worker-15] INFO  o.e.m.c.i.e.AbstractTransferListenerAdapter - Downloaded https://repo.maven.apache.org/maven2/org/codehaus/mojo/findbugs-maven-plugin/2.3.2/findbugs-maven-plugin-2.3.2.jar
2015-08-01 23:29:43,186 [Worker-15] INFO  o.e.m.c.i.e.AbstractTransferListenerAdapter - Downloading https://repo.maven.apache.org/maven2/org/apache/maven/plugins/maven-clean-plugin/2.5/maven-clean-plugin-2.5.jar
2015-08-01 23:29:45,163 [Worker-15] INFO  o.e.m.c.i.e.AbstractTransferListenerAdapter - Downloaded https://repo.maven.apache.org/maven2/org/apache/maven/plugins/maven-clean-plugin/2.5/maven-clean-plugin-2.5.jar
2015-08-01 23:29:45,603 [Worker-15] INFO  o.e.m.c.i.e.AbstractTransferListenerAdapter - Downloading https://repo.maven.apache.org/maven2/org/apache/maven/plugins/maven-resources-plugin/2.6/maven-resources-plugin-2.6.jar
2015-08-01 23:29:47,399 [Worker-15] INFO  o.e.m.c.i.e.AbstractTransferListenerAdapter - Downloaded https://repo.maven.apache.org/maven2/org/apache/maven/plugins/maven-resources-plugin/2.6/maven-resources-plugin-2.6.jar
2015-08-01 23:29:47,834 [Worker-15] INFO  o.e.m.c.i.e.AbstractTransferListenerAdapter - Downloading https://repo.maven.apache.org/maven2/org/apache/maven/plugins/maven-compiler-plugin/2.3.2/maven-compiler-plugin-2.3.2.jar
2015-08-01 23:29:49,579 [Worker-15] INFO  o.e.m.c.i.e.AbstractTransferListenerAdapter - Downloaded https://repo.maven.apache.org/maven2/org/apache/maven/plugins/maven-compiler-plugin/2.3.2/maven-compiler-plugin-2.3.2.jar
2015-08-01 23:29:50,009 [Worker-15] INFO  o.e.m.c.i.e.AbstractTransferListenerAdapter - Downloading https://repo.maven.apache.org/maven2/org/apache/maven/plugins/maven-war-plugin/2.1.1/maven-war-plugin-2.1.1.jar
2015-08-01 23:29:51,702 [Worker-15] INFO  o.e.m.c.i.e.AbstractTransferListenerAdapter - Downloaded https://repo.maven.apache.org/maven2/org/apache/maven/plugins/maven-war-plugin/2.1.1/maven-war-plugin-2.1.1.jar
2015-08-01 23:29:52,129 [Worker-15] INFO  o.e.m.c.i.e.AbstractTransferListenerAdapter - Downloading https://repo.maven.apache.org/maven2/org/apache/maven/plugins/maven-surefire-plugin/2.12.4/maven-surefire-plugin-2.12.4.jar
2015-08-01 23:29:52,448 [Worker-15] INFO  o.e.m.c.i.e.AbstractTransferListenerAdapter - Downloaded https://repo.maven.apache.org/maven2/org/apache/maven/plugins/maven-surefire-plugin/2.12.4/maven-surefire-plugin-2.12.4.jar
2015-08-01 23:29:52,843 [Worker-15] INFO  o.e.m.c.i.e.AbstractTransferListenerAdapter - Downloading https://repo.maven.apache.org/maven2/org/apache/maven/plugins/maven-install-plugin/2.4/maven-install-plugin-2.4.jar
2015-08-01 23:29:53,152 [Worker-15] INFO  o.e.m.c.i.e.AbstractTransferListenerAdapter - Downloaded https://repo.maven.apache.org/maven2/org/apache/maven/plugins/maven-install-plugin/2.4/maven-install-plugin-2.4.jar
2015-08-01 23:29:53,598 [Worker-15] INFO  o.e.m.c.i.e.AbstractTransferListenerAdapter - Downloading https://repo.maven.apache.org/maven2/org/apache/maven/plugins/maven-deploy-plugin/2.7/maven-deploy-plugin-2.7.jar
2015-08-01 23:29:55,821 [Worker-15] INFO  o.e.m.c.i.e.AbstractTransferListenerAdapter - Downloaded https://repo.maven.apache.org/maven2/org/apache/maven/plugins/maven-deploy-plugin/2.7/maven-deploy-plugin-2.7.jar
2015-08-01 23:29:56,776 [Worker-15] INFO  o.e.m.c.i.e.AbstractTransferListenerAdapter - Downloading https://repo.maven.apache.org/maven2/org/apache/maven/plugins/maven-site-plugin/3.3/maven-site-plugin-3.3.jar
2015-08-01 23:30:01,106 [Worker-15] INFO  o.e.m.c.i.e.AbstractTransferListenerAdapter - Downloaded https://repo.maven.apache.org/maven2/org/apache/maven/plugins/maven-site-plugin/3.3/maven-site-plugin-3.3.jar
2015-08-01 23:30:01,477 [Worker-15] INFO  o.e.m.c.i.e.AbstractTransferListenerAdapter - Downloading https://repo.maven.apache.org/maven2/org/apache/maven/plugins/maven-compiler-plugin/2.3.2/maven-compiler-plugin-2.3.2.pom
2015-08-01 23:30:01,769 [Worker-15] INFO  o.e.m.c.i.e.AbstractTransferListenerAdapter - Downloaded https://repo.maven.apache.org/maven2/org/apache/maven/plugins/maven-compiler-plugin/2.3.2/maven-compiler-plugin-2.3.2.pom
2015-08-01 23:30:02,676 [Worker-15] INFO  o.e.m.c.i.e.AbstractTransferListenerAdapter - Downloading https://repo.maven.apache.org/maven2/org/apache/maven/maven-plugin-api/2.0.6/maven-plugin-api-2.0.6.pom
2015-08-01 23:30:03,152 [Worker-15] INFO  o.e.m.c.i.e.AbstractTransferListenerAdapter - Downloaded https://repo.maven.apache.org/maven2/org/apache/maven/maven-plugin-api/2.0.6/maven-plugin-api-2.0.6.pom
2015-08-01 23:30:04,041 [Worker-15] INFO  o.e.m.c.i.e.AbstractTransferListenerAdapter - Downloading https://repo.maven.apache.org/maven2/org/apache/maven/maven/2.0.6/maven-2.0.6.pom
2015-08-01 23:30:05,400 [Worker-15] INFO  o.e.m.c.i.e.AbstractTransferListenerAdapter - Downloaded https://repo.maven.apache.org/maven2/org/apache/maven/maven/2.0.6/maven-2.0.6.pom
2015-08-01 23:30:06,505 [Worker-15] INFO  o.e.m.c.i.e.AbstractTransferListenerAdapter - Downloading https://repo.maven.apache.org/maven2/org/apache/maven/maven-parent/5/maven-parent-5.pom
2015-08-01 23:30:08,091 [Worker-15] INFO  o.e.m.c.i.e.AbstractTransferListenerAdapter - Downloaded https://repo.maven.apache.org/maven2/org/apache/maven/maven-parent/5/maven-parent-5.pom
2015-08-01 23:30:08,406 [Worker-15] INFO  o.e.m.c.i.e.AbstractTransferListenerAdapter - Downloading https://repo.maven.apache.org/maven2/org/apache/apache/3/apache-3.pom
2015-08-01 23:30:08,753 [Worker-15] INFO  o.e.m.c.i.e.AbstractTransferListenerAdapter - Downloaded https://repo.maven.apache.org/maven2/org/apache/apache/3/apache-3.pom
2015-08-01 23:30:10,619 [Worker-15] INFO  o.e.m.c.i.e.AbstractTransferListenerAdapter - Downloading https://repo.maven.apache.org/maven2/org/apache/maven/maven-artifact/2.0.6/maven-artifact-2.0.6.pom
2015-08-01 23:30:12,489 [Worker-15] INFO  o.e.m.c.i.e.AbstractTransferListenerAdapter - Downloaded https://repo.maven.apache.org/maven2/org/apache/maven/maven-artifact/2.0.6/maven-artifact-2.0.6.pom
2015-08-01 23:30:12,860 [Worker-15] INFO  o.e.m.c.i.e.AbstractTransferListenerAdapter - Downloading https://repo.maven.apache.org/maven2/org/codehaus/plexus/plexus-utils/1.4.1/plexus-utils-1.4.1.pom
2015-08-01 23:30:14,723 [Worker-15] INFO  o.e.m.c.i.e.AbstractTransferListenerAdapter - Downloaded https://repo.maven.apache.org/maven2/org/codehaus/plexus/plexus-utils/1.4.1/plexus-utils-1.4.1.pom
2015-08-01 23:30:15,317 [Worker-15] INFO  o.e.m.c.i.e.AbstractTransferListenerAdapter - Downloading https://repo.maven.apache.org/maven2/org/codehaus/plexus/plexus/1.0.11/plexus-1.0.11.pom
2015-08-01 23:30:15,607 [Worker-15] INFO  o.e.m.c.i.e.AbstractTransferListenerAdapter - Downloaded https://repo.maven.apache.org/maven2/org/codehaus/plexus/plexus/1.0.11/plexus-1.0.11.pom
2015-08-01 23:30:15,942 [Worker-15] INFO  o.e.m.c.i.e.AbstractTransferListenerAdapter - Downloading https://repo.maven.apache.org/maven2/org/apache/maven/maven-core/2.0.6/maven-core-2.0.6.pom
2015-08-01 23:30:17,644 [Worker-15] INFO  o.e.m.c.i.e.AbstractTransferListenerAdapter - Downloaded https://repo.maven.apache.org/maven2/org/apache/maven/maven-core/2.0.6/maven-core-2.0.6.pom
2015-08-01 23:30:18,070 [Worker-15] INFO  o.e.m.c.i.e.AbstractTransferListenerAdapter - Downloading https://repo.maven.apache.org/maven2/org/apache/maven/maven-settings/2.0.6/maven-settings-2.0.6.pom
2015-08-01 23:30:19,999 [Worker-15] INFO  o.e.m.c.i.e.AbstractTransferListenerAdapter - Downloaded https://repo.maven.apache.org/maven2/org/apache/maven/maven-settings/2.0.6/maven-settings-2.0.6.pom
2015-08-01 23:30:20,318 [Worker-15] INFO  o.e.m.c.i.e.AbstractTransferListenerAdapter - Downloading https://repo.maven.apache.org/maven2/org/apache/maven/maven-model/2.0.6/maven-model-2.0.6.pom
2015-08-01 23:30:22,167 [Worker-15] INFO  o.e.m.c.i.e.AbstractTransferListenerAdapter - Downloaded https://repo.maven.apache.org/maven2/org/apache/maven/maven-model/2.0.6/maven-model-2.0.6.pom
2015-08-01 23:30:22,487 [Worker-15] INFO  o.e.m.c.i.e.AbstractTransferListenerAdapter - Downloading https://repo.maven.apache.org/maven2/org/apache/maven/maven-plugin-parameter-documenter/2.0.6/maven-plugin-parameter-documenter-2.0.6.pom
2015-08-01 23:30:24,434 [Worker-15] INFO  o.e.m.c.i.e.AbstractTransferListenerAdapter - Downloaded https://repo.maven.apache.org/maven2/org/apache/maven/maven-plugin-parameter-documenter/2.0.6/maven-plugin-parameter-documenter-2.0.6.pom
2015-08-01 23:30:25,027 [Worker-15] INFO  o.e.m.c.i.e.AbstractTransferListenerAdapter - Downloading https://repo.maven.apache.org/maven2/org/apache/maven/maven-profile/2.0.6/maven-profile-2.0.6.pom
2015-08-01 23:30:27,074 [Worker-15] INFO  o.e.m.c.i.e.AbstractTransferListenerAdapter - Downloaded https://repo.maven.apache.org/maven2/org/apache/maven/maven-profile/2.0.6/maven-profile-2.0.6.pom
2015-08-01 23:30:27,389 [Worker-15] INFO  o.e.m.c.i.e.AbstractTransferListenerAdapter - Downloading https://repo.maven.apache.org/maven2/org/apache/maven/maven-repository-metadata/2.0.6/maven-repository-metadata-2.0.6.pom
2015-08-01 23:30:29,222 [Worker-15] INFO  o.e.m.c.i.e.AbstractTransferListenerAdapter - Downloaded https://repo.maven.apache.org/maven2/org/apache/maven/maven-repository-metadata/2.0.6/maven-repository-metadata-2.0.6.pom
2015-08-01 23:30:29,537 [Worker-15] INFO  o.e.m.c.i.e.AbstractTransferListenerAdapter - Downloading https://repo.maven.apache.org/maven2/org/apache/maven/maven-error-diagnostics/2.0.6/maven-error-diagnostics-2.0.6.pom
2015-08-01 23:30:31,358 [Worker-15] INFO  o.e.m.c.i.e.AbstractTransferListenerAdapter - Downloaded https://repo.maven.apache.org/maven2/org/apache/maven/maven-error-diagnostics/2.0.6/maven-error-diagnostics-2.0.6.pom
2015-08-01 23:30:31,715 [Worker-15] INFO  o.e.m.c.i.e.AbstractTransferListenerAdapter - Downloading https://repo.maven.apache.org/maven2/org/apache/maven/maven-project/2.0.6/maven-project-2.0.6.pom
2015-08-01 23:30:33,846 [Worker-15] INFO  o.e.m.c.i.e.AbstractTransferListenerAdapter - Downloaded https://repo.maven.apache.org/maven2/org/apache/maven/maven-project/2.0.6/maven-project-2.0.6.pom
2015-08-01 23:30:34,205 [Worker-15] INFO  o.e.m.c.i.e.AbstractTransferListenerAdapter - Downloading https://repo.maven.apache.org/maven2/org/apache/maven/maven-artifact-manager/2.0.6/maven-artifact-manager-2.0.6.pom
2015-08-01 23:30:34,499 [Worker-15] INFO  o.e.m.c.i.e.AbstractTransferListenerAdapter - Downloaded https://repo.maven.apache.org/maven2/org/apache/maven/maven-artifact-manager/2.0.6/maven-artifact-manager-2.0.6.pom
2015-08-01 23:30:34,821 [Worker-15] INFO  o.e.m.c.i.e.AbstractTransferListenerAdapter - Downloading https://repo.maven.apache.org/maven2/org/apache/maven/maven-plugin-registry/2.0.6/maven-plugin-registry-2.0.6.pom
2015-08-01 23:30:36,678 [Worker-15] INFO  o.e.m.c.i.e.AbstractTransferListenerAdapter - Downloaded https://repo.maven.apache.org/maven2/org/apache/maven/maven-plugin-registry/2.0.6/maven-plugin-registry-2.0.6.pom
2015-08-01 23:30:36,998 [Worker-15] INFO  o.e.m.c.i.e.AbstractTransferListenerAdapter - Downloading https://repo.maven.apache.org/maven2/org/apache/maven/maven-plugin-descriptor/2.0.6/maven-plugin-descriptor-2.0.6.pom
2015-08-01 23:30:39,015 [Worker-15] INFO  o.e.m.c.i.e.AbstractTransferListenerAdapter - Downloaded https://repo.maven.apache.org/maven2/org/apache/maven/maven-plugin-descriptor/2.0.6/maven-plugin-descriptor-2.0.6.pom
2015-08-01 23:30:39,331 [Worker-15] INFO  o.e.m.c.i.e.AbstractTransferListenerAdapter - Downloading https://repo.maven.apache.org/maven2/org/apache/maven/maven-monitor/2.0.6/maven-monitor-2.0.6.pom
2015-08-01 23:30:39,634 [Worker-15] INFO  o.e.m.c.i.e.AbstractTransferListenerAdapter - Downloaded https://repo.maven.apache.org/maven2/org/apache/maven/maven-monitor/2.0.6/maven-monitor-2.0.6.pom
2015-08-01 23:30:39,984 [Worker-15] INFO  o.e.m.c.i.e.AbstractTransferListenerAdapter - Downloading https://repo.maven.apache.org/maven2/org/apache/maven/maven-toolchain/1.0/maven-toolchain-1.0.pom
2015-08-01 23:30:41,924 [Worker-15] INFO  o.e.m.c.i.e.AbstractTransferListenerAdapter - Downloaded https://repo.maven.apache.org/maven2/org/apache/maven/maven-toolchain/1.0/maven-toolchain-1.0.pom
2015-08-01 23:30:42,273 [Worker-15] INFO  o.e.m.c.i.e.AbstractTransferListenerAdapter - Downloading https://repo.maven.apache.org/maven2/org/codehaus/plexus/plexus-container-default/1.0-alpha-9-stable-1/plexus-container-default-1.0-alpha-9-stable-1.pom
2015-08-01 23:30:44,134 [Worker-15] INFO  o.e.m.c.i.e.AbstractTransferListenerAdapter - Downloaded https://repo.maven.apache.org/maven2/org/codehaus/plexus/plexus-container-default/1.0-alpha-9-stable-1/plexus-container-default-1.0-alpha-9-stable-1.pom
2015-08-01 23:30:44,441 [Worker-15] INFO  o.e.m.c.i.e.AbstractTransferListenerAdapter - Downloading https://repo.maven.apache.org/maven2/org/codehaus/plexus/plexus-containers/1.0.3/plexus-containers-1.0.3.pom
2015-08-01 23:30:46,468 [Worker-15] INFO  o.e.m.c.i.e.AbstractTransferListenerAdapter - Downloaded https://repo.maven.apache.org/maven2/org/codehaus/plexus/plexus-containers/1.0.3/plexus-containers-1.0.3.pom
2015-08-01 23:30:46,796 [Worker-15] INFO  o.e.m.c.i.e.AbstractTransferListenerAdapter - Downloading https://repo.maven.apache.org/maven2/org/codehaus/plexus/plexus/1.0.4/plexus-1.0.4.pom
2015-08-01 23:30:48,545 [Worker-15] INFO  o.e.m.c.i.e.AbstractTransferListenerAdapter - Downloaded https://repo.maven.apache.org/maven2/org/codehaus/plexus/plexus/1.0.4/plexus-1.0.4.pom
2015-08-01 23:30:48,930 [Worker-15] INFO  o.e.m.c.i.e.AbstractTransferListenerAdapter - Downloading https://repo.maven.apache.org/maven2/junit/junit/3.8.1/junit-3.8.1.pom
2015-08-01 23:30:50,967 [Worker-15] INFO  o.e.m.c.i.e.AbstractTransferListenerAdapter - Downloaded https://repo.maven.apache.org/maven2/junit/junit/3.8.1/junit-3.8.1.pom
2015-08-01 23:30:52,632 [Worker-15] INFO  o.e.m.c.i.e.AbstractTransferListenerAdapter - Downloading https://repo.maven.apache.org/maven2/org/codehaus/plexus/plexus-utils/1.0.4/plexus-utils-1.0.4.pom
2015-08-01 23:30:53,126 [Worker-15] INFO  o.e.m.c.i.e.AbstractTransferListenerAdapter - Downloaded https://repo.maven.apache.org/maven2/org/codehaus/plexus/plexus-utils/1.0.4/plexus-utils-1.0.4.pom
2015-08-01 23:30:53,481 [Worker-15] INFO  o.e.m.c.i.e.AbstractTransferListenerAdapter - Downloading https://repo.maven.apache.org/maven2/classworlds/classworlds/1.1-alpha-2/classworlds-1.1-alpha-2.pom
2015-08-01 23:30:55,502 [Worker-15] INFO  o.e.m.c.i.e.AbstractTransferListenerAdapter - Downloaded https://repo.maven.apache.org/maven2/classworlds/classworlds/1.1-alpha-2/classworlds-1.1-alpha-2.pom
2015-08-01 23:30:55,820 [Worker-15] INFO  o.e.m.c.i.e.AbstractTransferListenerAdapter - Downloading https://repo.maven.apache.org/maven2/org/apache/maven/reporting/maven-reporting-api/2.0.6/maven-reporting-api-2.0.6.pom
2015-08-01 23:30:57,801 [Worker-15] INFO  o.e.m.c.i.e.AbstractTransferListenerAdapter - Downloaded https://repo.maven.apache.org/maven2/org/apache/maven/reporting/maven-reporting-api/2.0.6/maven-reporting-api-2.0.6.pom
2015-08-01 23:30:58,111 [Worker-15] INFO  o.e.m.c.i.e.AbstractTransferListenerAdapter - Downloading https://repo.maven.apache.org/maven2/org/apache/maven/reporting/maven-reporting/2.0.6/maven-reporting-2.0.6.pom
2015-08-01 23:30:59,934 [Worker-15] INFO  o.e.m.c.i.e.AbstractTransferListenerAdapter - Downloaded https://repo.maven.apache.org/maven2/org/apache/maven/reporting/maven-reporting/2.0.6/maven-reporting-2.0.6.pom
2015-08-01 23:31:00,244 [Worker-15] INFO  o.e.m.c.i.e.AbstractTransferListenerAdapter - Downloading https://repo.maven.apache.org/maven2/org/apache/maven/doxia/doxia-sink-api/1.0-alpha-7/doxia-sink-api-1.0-alpha-7.pom
2015-08-01 23:31:02,213 [Worker-15] INFO  o.e.m.c.i.e.AbstractTransferListenerAdapter - Downloaded https://repo.maven.apache.org/maven2/org/apache/maven/doxia/doxia-sink-api/1.0-alpha-7/doxia-sink-api-1.0-alpha-7.pom
2015-08-01 23:31:02,538 [Worker-15] INFO  o.e.m.c.i.e.AbstractTransferListenerAdapter - Downloading https://repo.maven.apache.org/maven2/org/apache/maven/doxia/doxia/1.0-alpha-7/doxia-1.0-alpha-7.pom
2015-08-01 23:31:04,456 [Worker-15] INFO  o.e.m.c.i.e.AbstractTransferListenerAdapter - Downloaded https://repo.maven.apache.org/maven2/org/apache/maven/doxia/doxia/1.0-alpha-7/doxia-1.0-alpha-7.pom
2015-08-01 23:31:04,777 [Worker-15] INFO  o.e.m.c.i.e.AbstractTransferListenerAdapter - Downloading https://repo.maven.apache.org/maven2/commons-cli/commons-cli/1.0/commons-cli-1.0.pom
2015-08-01 23:31:05,069 [Worker-15] INFO  o.e.m.c.i.e.AbstractTransferListenerAdapter - Downloaded https://repo.maven.apache.org/maven2/commons-cli/commons-cli/1.0/commons-cli-1.0.pom
2015-08-01 23:31:05,401 [Worker-15] INFO  o.e.m.c.i.e.AbstractTransferListenerAdapter - Downloading https://repo.maven.apache.org/maven2/org/codehaus/plexus/plexus-interactivity-api/1.0-alpha-4/plexus-interactivity-api-1.0-alpha-4.pom
2015-08-01 23:31:07,278 [Worker-15] INFO  o.e.m.c.i.e.AbstractTransferListenerAdapter - Downloaded https://repo.maven.apache.org/maven2/org/codehaus/plexus/plexus-interactivity-api/1.0-alpha-4/plexus-interactivity-api-1.0-alpha-4.pom
2015-08-01 23:31:07,587 [Worker-15] INFO  o.e.m.c.i.e.AbstractTransferListenerAdapter - Downloading https://repo.maven.apache.org/maven2/classworlds/classworlds/1.1/classworlds-1.1.pom
2015-08-01 23:31:09,423 [Worker-15] INFO  o.e.m.c.i.e.AbstractTransferListenerAdapter - Downloaded https://repo.maven.apache.org/maven2/classworlds/classworlds/1.1/classworlds-1.1.pom
2015-08-01 23:31:09,740 [Worker-15] INFO  o.e.m.c.i.e.AbstractTransferListenerAdapter - Downloading https://repo.maven.apache.org/maven2/org/codehaus/plexus/plexus-utils/2.0.5/plexus-utils-2.0.5.pom
2015-08-01 23:31:11,580 [Worker-15] INFO  o.e.m.c.i.e.AbstractTransferListenerAdapter - Downloaded https://repo.maven.apache.org/maven2/org/codehaus/plexus/plexus-utils/2.0.5/plexus-utils-2.0.5.pom
2015-08-01 23:31:12,214 [Worker-15] INFO  o.e.m.c.i.e.AbstractTransferListenerAdapter - Downloading https://repo.maven.apache.org/maven2/org/codehaus/plexus/plexus/2.0.6/plexus-2.0.6.pom
2015-08-01 23:31:14,002 [Worker-15] INFO  o.e.m.c.i.e.AbstractTransferListenerAdapter - Downloaded https://repo.maven.apache.org/maven2/org/codehaus/plexus/plexus/2.0.6/plexus-2.0.6.pom
2015-08-01 23:31:14,335 [Worker-15] INFO  o.e.m.c.i.e.AbstractTransferListenerAdapter - Downloading https://repo.maven.apache.org/maven2/org/codehaus/plexus/plexus-compiler-api/1.8.1/plexus-compiler-api-1.8.1.pom
2015-08-01 23:31:16,223 [Worker-15] INFO  o.e.m.c.i.e.AbstractTransferListenerAdapter - Downloaded https://repo.maven.apache.org/maven2/org/codehaus/plexus/plexus-compiler-api/1.8.1/plexus-compiler-api-1.8.1.pom
2015-08-01 23:31:16,536 [Worker-15] INFO  o.e.m.c.i.e.AbstractTransferListenerAdapter - Downloading https://repo.maven.apache.org/maven2/org/codehaus/plexus/plexus-compiler/1.8.1/plexus-compiler-1.8.1.pom
2015-08-01 23:31:16,823 [Worker-15] INFO  o.e.m.c.i.e.AbstractTransferListenerAdapter - Downloaded https://repo.maven.apache.org/maven2/org/codehaus/plexus/plexus-compiler/1.8.1/plexus-compiler-1.8.1.pom
2015-08-01 23:31:17,197 [Worker-15] INFO  o.e.m.c.i.e.AbstractTransferListenerAdapter - Downloading https://repo.maven.apache.org/maven2/org/codehaus/plexus/plexus-components/1.1.18/plexus-components-1.1.18.pom
2015-08-01 23:31:19,112 [Worker-15] INFO  o.e.m.c.i.e.AbstractTransferListenerAdapter - Downloaded https://repo.maven.apache.org/maven2/org/codehaus/plexus/plexus-components/1.1.18/plexus-components-1.1.18.pom
2015-08-01 23:31:19,738 [Worker-15] INFO  o.e.m.c.i.e.AbstractTransferListenerAdapter - Downloading https://repo.maven.apache.org/maven2/org/codehaus/plexus/plexus/2.0.7/plexus-2.0.7.pom
2015-08-01 23:31:21,617 [Worker-15] INFO  o.e.m.c.i.e.AbstractTransferListenerAdapter - Downloaded https://repo.maven.apache.org/maven2/org/codehaus/plexus/plexus/2.0.7/plexus-2.0.7.pom
2015-08-01 23:31:21,933 [Worker-15] INFO  o.e.m.c.i.e.AbstractTransferListenerAdapter - Downloading https://repo.maven.apache.org/maven2/org/codehaus/plexus/plexus-utils/1.5.5/plexus-utils-1.5.5.pom
2015-08-01 23:31:24,000 [Worker-15] INFO  o.e.m.c.i.e.AbstractTransferListenerAdapter - Downloaded https://repo.maven.apache.org/maven2/org/codehaus/plexus/plexus-utils/1.5.5/plexus-utils-1.5.5.pom
2015-08-01 23:31:24,337 [Worker-15] INFO  o.e.m.c.i.e.AbstractTransferListenerAdapter - Downloading https://repo.maven.apache.org/maven2/org/codehaus/plexus/plexus-compiler-manager/1.8.1/plexus-compiler-manager-1.8.1.pom
2015-08-01 23:31:26,179 [Worker-15] INFO  o.e.m.c.i.e.AbstractTransferListenerAdapter - Downloaded https://repo.maven.apache.org/maven2/org/codehaus/plexus/plexus-compiler-manager/1.8.1/plexus-compiler-manager-1.8.1.pom
2015-08-01 23:31:26,501 [Worker-15] INFO  o.e.m.c.i.e.AbstractTransferListenerAdapter - Downloading https://repo.maven.apache.org/maven2/org/codehaus/plexus/plexus-compiler-javac/1.8.1/plexus-compiler-javac-1.8.1.pom
2015-08-01 23:31:28,312 [Worker-15] INFO  o.e.m.c.i.e.AbstractTransferListenerAdapter - Downloaded https://repo.maven.apache.org/maven2/org/codehaus/plexus/plexus-compiler-javac/1.8.1/plexus-compiler-javac-1.8.1.pom
2015-08-01 23:31:28,617 [Worker-15] INFO  o.e.m.c.i.e.AbstractTransferListenerAdapter - Downloading https://repo.maven.apache.org/maven2/org/codehaus/plexus/plexus-compilers/1.8.1/plexus-compilers-1.8.1.pom
2015-08-01 23:31:30,447 [Worker-15] INFO  o.e.m.c.i.e.AbstractTransferListenerAdapter - Downloaded https://repo.maven.apache.org/maven2/org/codehaus/plexus/plexus-compilers/1.8.1/plexus-compilers-1.8.1.pom
2015-08-01 23:31:30,864 [Worker-15] INFO  o.e.m.c.i.e.AbstractTransferListenerAdapter - Downloading https://repo.maven.apache.org/maven2/org/apache/maven/maven-plugin-api/2.0.6/maven-plugin-api-2.0.6.jar
2015-08-01 23:31:31,168 [Worker-15] INFO  o.e.m.c.i.e.AbstractTransferListenerAdapter - Downloaded https://repo.maven.apache.org/maven2/org/apache/maven/maven-plugin-api/2.0.6/maven-plugin-api-2.0.6.jar
2015-08-01 23:31:32,916 [Worker-15] INFO  o.e.m.c.i.e.AbstractTransferListenerAdapter - Downloading https://repo.maven.apache.org/maven2/org/apache/maven/maven-artifact/2.0.6/maven-artifact-2.0.6.jar
2015-08-01 23:31:34,370 [Worker-15] INFO  o.e.m.c.i.e.AbstractTransferListenerAdapter - Downloaded https://repo.maven.apache.org/maven2/org/apache/maven/maven-artifact/2.0.6/maven-artifact-2.0.6.jar
2015-08-01 23:31:35,192 [Worker-15] INFO  o.e.m.c.i.e.AbstractTransferListenerAdapter - Downloading https://repo.maven.apache.org/maven2/org/apache/maven/maven-core/2.0.6/maven-core-2.0.6.jar
2015-08-01 23:31:38,942 [Worker-15] INFO  o.e.m.c.i.e.AbstractTransferListenerAdapter - Downloaded https://repo.maven.apache.org/maven2/org/apache/maven/maven-core/2.0.6/maven-core-2.0.6.jar
2015-08-01 23:31:39,547 [Worker-15] INFO  o.e.m.c.i.e.AbstractTransferListenerAdapter - Downloading https://repo.maven.apache.org/maven2/org/apache/maven/maven-settings/2.0.6/maven-settings-2.0.6.jar
2015-08-01 23:31:40,143 [Worker-15] INFO  o.e.m.c.i.e.AbstractTransferListenerAdapter - Downloaded https://repo.maven.apache.org/maven2/org/apache/maven/maven-settings/2.0.6/maven-settings-2.0.6.jar
2015-08-01 23:31:40,493 [Worker-15] INFO  o.e.m.c.i.e.AbstractTransferListenerAdapter - Downloading https://repo.maven.apache.org/maven2/org/apache/maven/maven-plugin-parameter-documenter/2.0.6/maven-plugin-parameter-documenter-2.0.6.jar
2015-08-01 23:31:40,795 [Worker-15] INFO  o.e.m.c.i.e.AbstractTransferListenerAdapter - Downloaded https://repo.maven.apache.org/maven2/org/apache/maven/maven-plugin-parameter-documenter/2.0.6/maven-plugin-parameter-documenter-2.0.6.jar
2015-08-01 23:31:41,148 [Worker-15] INFO  o.e.m.c.i.e.AbstractTransferListenerAdapter - Downloading https://repo.maven.apache.org/maven2/org/apache/maven/maven-profile/2.0.6/maven-profile-2.0.6.jar
2015-08-01 23:31:41,704 [Worker-15] INFO  o.e.m.c.i.e.AbstractTransferListenerAdapter - Downloaded https://repo.maven.apache.org/maven2/org/apache/maven/maven-profile/2.0.6/maven-profile-2.0.6.jar
2015-08-01 23:31:42,047 [Worker-15] INFO  o.e.m.c.i.e.AbstractTransferListenerAdapter - Downloading https://repo.maven.apache.org/maven2/org/apache/maven/maven-model/2.0.6/maven-model-2.0.6.jar
2015-08-01 23:31:44,530 [Worker-15] INFO  o.e.m.c.i.e.AbstractTransferListenerAdapter - Downloaded https://repo.maven.apache.org/maven2/org/apache/maven/maven-model/2.0.6/maven-model-2.0.6.jar
2015-08-01 23:31:44,890 [Worker-15] INFO  o.e.m.c.i.e.AbstractTransferListenerAdapter - Downloading https://repo.maven.apache.org/maven2/org/apache/maven/maven-repository-metadata/2.0.6/maven-repository-metadata-2.0.6.jar
2015-08-01 23:31:46,753 [Worker-15] INFO  o.e.m.c.i.e.AbstractTransferListenerAdapter - Downloaded https://repo.maven.apache.org/maven2/org/apache/maven/maven-repository-metadata/2.0.6/maven-repository-metadata-2.0.6.jar
2015-08-01 23:31:47,245 [Worker-15] INFO  o.e.m.c.i.e.AbstractTransferListenerAdapter - Downloading https://repo.maven.apache.org/maven2/org/apache/maven/maven-error-diagnostics/2.0.6/maven-error-diagnostics-2.0.6.jar
2015-08-01 23:31:47,536 [Worker-15] INFO  o.e.m.c.i.e.AbstractTransferListenerAdapter - Downloaded https://repo.maven.apache.org/maven2/org/apache/maven/maven-error-diagnostics/2.0.6/maven-error-diagnostics-2.0.6.jar
2015-08-01 23:31:47,894 [Worker-15] INFO  o.e.m.c.i.e.AbstractTransferListenerAdapter - Downloading https://repo.maven.apache.org/maven2/org/apache/maven/maven-project/2.0.6/maven-project-2.0.6.jar
2015-08-01 23:31:49,035 [Worker-15] INFO  o.e.m.c.i.e.AbstractTransferListenerAdapter - Downloaded https://repo.maven.apache.org/maven2/org/apache/maven/maven-project/2.0.6/maven-project-2.0.6.jar
2015-08-01 23:31:49,436 [Worker-15] INFO  o.e.m.c.i.e.AbstractTransferListenerAdapter - Downloading https://repo.maven.apache.org/maven2/org/apache/maven/maven-plugin-registry/2.0.6/maven-plugin-registry-2.0.6.jar
2015-08-01 23:31:49,777 [Worker-15] INFO  o.e.m.c.i.e.AbstractTransferListenerAdapter - Downloaded https://repo.maven.apache.org/maven2/org/apache/maven/maven-plugin-registry/2.0.6/maven-plugin-registry-2.0.6.jar
2015-08-01 23:31:50,135 [Worker-15] INFO  o.e.m.c.i.e.AbstractTransferListenerAdapter - Downloading https://repo.maven.apache.org/maven2/org/apache/maven/maven-plugin-descriptor/2.0.6/maven-plugin-descriptor-2.0.6.jar
2015-08-01 23:31:50,666 [Worker-15] INFO  o.e.m.c.i.e.AbstractTransferListenerAdapter - Downloaded https://repo.maven.apache.org/maven2/org/apache/maven/maven-plugin-descriptor/2.0.6/maven-plugin-descriptor-2.0.6.jar
2015-08-01 23:31:51,018 [Worker-15] INFO  o.e.m.c.i.e.AbstractTransferListenerAdapter - Downloading https://repo.maven.apache.org/maven2/org/apache/maven/maven-artifact-manager/2.0.6/maven-artifact-manager-2.0.6.jar
2015-08-01 23:31:51,632 [Worker-15] INFO  o.e.m.c.i.e.AbstractTransferListenerAdapter - Downloaded https://repo.maven.apache.org/maven2/org/apache/maven/maven-artifact-manager/2.0.6/maven-artifact-manager-2.0.6.jar
2015-08-01 23:31:51,945 [Worker-15] INFO  o.e.m.c.i.e.AbstractTransferListenerAdapter - Downloading https://repo.maven.apache.org/maven2/org/apache/maven/maven-monitor/2.0.6/maven-monitor-2.0.6.jar
2015-08-01 23:31:52,234 [Worker-15] INFO  o.e.m.c.i.e.AbstractTransferListenerAdapter - Downloaded https://repo.maven.apache.org/maven2/org/apache/maven/maven-monitor/2.0.6/maven-monitor-2.0.6.jar
2015-08-01 23:31:52,590 [Worker-15] INFO  o.e.m.c.i.e.AbstractTransferListenerAdapter - Downloading https://repo.maven.apache.org/maven2/org/apache/maven/maven-toolchain/1.0/maven-toolchain-1.0.jar
2015-08-01 23:31:52,903 [Worker-15] INFO  o.e.m.c.i.e.AbstractTransferListenerAdapter - Downloaded https://repo.maven.apache.org/maven2/org/apache/maven/maven-toolchain/1.0/maven-toolchain-1.0.jar
2015-08-01 23:31:53,258 [Worker-15] INFO  o.e.m.c.i.e.AbstractTransferListenerAdapter - Downloading https://repo.maven.apache.org/maven2/org/codehaus/plexus/plexus-utils/2.0.5/plexus-utils-2.0.5.jar
2015-08-01 23:31:56,584 [Worker-15] INFO  o.e.m.c.i.e.AbstractTransferListenerAdapter - Downloaded https://repo.maven.apache.org/maven2/org/codehaus/plexus/plexus-utils/2.0.5/plexus-utils-2.0.5.jar
2015-08-01 23:31:57,506 [Worker-15] INFO  o.e.m.c.i.e.AbstractTransferListenerAdapter - Downloading https://repo.maven.apache.org/maven2/org/codehaus/plexus/plexus-compiler-api/1.8.1/plexus-compiler-api-1.8.1.jar
2015-08-01 23:31:58,783 [Worker-15] INFO  o.e.m.c.i.e.AbstractTransferListenerAdapter - Downloaded https://repo.maven.apache.org/maven2/org/codehaus/plexus/plexus-compiler-api/1.8.1/plexus-compiler-api-1.8.1.jar
2015-08-01 23:31:59,092 [Worker-15] INFO  o.e.m.c.i.e.AbstractTransferListenerAdapter - Downloading https://repo.maven.apache.org/maven2/org/codehaus/plexus/plexus-compiler-manager/1.8.1/plexus-compiler-manager-1.8.1.jar
2015-08-01 23:31:59,384 [Worker-15] INFO  o.e.m.c.i.e.AbstractTransferListenerAdapter - Downloaded https://repo.maven.apache.org/maven2/org/codehaus/plexus/plexus-compiler-manager/1.8.1/plexus-compiler-manager-1.8.1.jar
2015-08-01 23:32:01,040 [Worker-15] INFO  o.e.m.c.i.e.AbstractTransferListenerAdapter - Downloading https://repo.maven.apache.org/maven2/org/codehaus/plexus/plexus-compiler-javac/1.8.1/plexus-compiler-javac-1.8.1.jar
2015-08-01 23:32:03,036 [Worker-15] INFO  o.e.m.c.i.e.AbstractTransferListenerAdapter - Downloaded https://repo.maven.apache.org/maven2/org/codehaus/plexus/plexus-compiler-javac/1.8.1/plexus-compiler-javac-1.8.1.jar
2015-08-01 23:32:03,623 [Worker-15] INFO  o.e.m.c.i.l.LifecycleMappingFactory - Using org.maven.ide.eclipse.wtp.WarLifecycleMapping lifecycle mapping for MavenProject: com.google.apis-samples:plus-preview-appengine-sample:1 @ I:\GitHubData\clientSamples\google-api-java-client-samples\plus-preview-appengine-sample\pom.xml.
2015-08-01 23:32:03,947 [Worker-15] INFO  o.e.m.c.i.e.AbstractTransferListenerAdapter - Downloading https://repo.maven.apache.org/maven2/com/google/apis/google-api-services-plus/v1-rev137-1.19.0/google-api-services-plus-v1-rev137-1.19.0.pom
2015-08-01 23:32:05,708 [Worker-15] INFO  o.e.m.c.i.e.AbstractTransferListenerAdapter - Downloaded https://repo.maven.apache.org/maven2/com/google/apis/google-api-services-plus/v1-rev137-1.19.0/google-api-services-plus-v1-rev137-1.19.0.pom
2015-08-01 23:32:06,030 [Worker-15] INFO  o.e.m.c.i.e.AbstractTransferListenerAdapter - Downloading https://repo.maven.apache.org/maven2/org/sonatype/oss/oss-parent/7/oss-parent-7.pom
2015-08-01 23:32:07,920 [Worker-15] INFO  o.e.m.c.i.e.AbstractTransferListenerAdapter - Downloaded https://repo.maven.apache.org/maven2/org/sonatype/oss/oss-parent/7/oss-parent-7.pom
2015-08-01 23:32:08,376 [Worker-15] INFO  o.e.m.c.i.e.AbstractTransferListenerAdapter - Downloading https://repo.maven.apache.org/maven2/com/google/api-client/google-api-client/1.19.0/google-api-client-1.19.0.pom
2015-08-01 23:32:08,748 [Worker-15] INFO  o.e.m.c.i.e.AbstractTransferListenerAdapter - Downloaded https://repo.maven.apache.org/maven2/com/google/api-client/google-api-client/1.19.0/google-api-client-1.19.0.pom
2015-08-01 23:32:09,381 [Worker-15] INFO  o.e.m.c.i.e.AbstractTransferListenerAdapter - Downloading https://repo.maven.apache.org/maven2/com/google/api-client/google-api-client-parent/1.19.0/google-api-client-parent-1.19.0.pom
2015-08-01 23:32:10,791 [Worker-15] INFO  o.e.m.c.i.e.AbstractTransferListenerAdapter - Downloaded https://repo.maven.apache.org/maven2/com/google/api-client/google-api-client-parent/1.19.0/google-api-client-parent-1.19.0.pom
2015-08-01 23:32:11,121 [Worker-15] INFO  o.e.m.c.i.e.AbstractTransferListenerAdapter - Downloading https://repo.maven.apache.org/maven2/com/google/oauth-client/google-oauth-client/1.19.0/google-oauth-client-1.19.0.pom
2015-08-01 23:32:13,091 [Worker-15] INFO  o.e.m.c.i.e.AbstractTransferListenerAdapter - Downloaded https://repo.maven.apache.org/maven2/com/google/oauth-client/google-oauth-client/1.19.0/google-oauth-client-1.19.0.pom
2015-08-01 23:32:14,016 [Worker-15] INFO  o.e.m.c.i.e.AbstractTransferListenerAdapter - Downloading https://repo.maven.apache.org/maven2/com/google/oauth-client/google-oauth-client-parent/1.19.0/google-oauth-client-parent-1.19.0.pom
2015-08-01 23:32:15,424 [Worker-15] INFO  o.e.m.c.i.e.AbstractTransferListenerAdapter - Downloaded https://repo.maven.apache.org/maven2/com/google/oauth-client/google-oauth-client-parent/1.19.0/google-oauth-client-parent-1.19.0.pom
2015-08-01 23:32:15,837 [Worker-15] INFO  o.e.m.c.i.e.AbstractTransferListenerAdapter - Downloading https://repo.maven.apache.org/maven2/com/google/http-client/google-http-client/1.19.0/google-http-client-1.19.0.pom
2015-08-01 23:32:17,580 [Worker-15] INFO  o.e.m.c.i.e.AbstractTransferListenerAdapter - Downloaded https://repo.maven.apache.org/maven2/com/google/http-client/google-http-client/1.19.0/google-http-client-1.19.0.pom
2015-08-01 23:32:18,504 [Worker-15] INFO  o.e.m.c.i.e.AbstractTransferListenerAdapter - Downloading https://repo.maven.apache.org/maven2/com/google/http-client/google-http-client-parent/1.19.0/google-http-client-parent-1.19.0.pom
2015-08-01 23:32:19,939 [Worker-15] INFO  o.e.m.c.i.e.AbstractTransferListenerAdapter - Downloaded https://repo.maven.apache.org/maven2/com/google/http-client/google-http-client-parent/1.19.0/google-http-client-parent-1.19.0.pom
2015-08-01 23:32:20,264 [Worker-15] INFO  o.e.m.c.i.e.AbstractTransferListenerAdapter - Downloading https://repo.maven.apache.org/maven2/com/google/code/findbugs/jsr305/1.3.9/jsr305-1.3.9.pom
2015-08-01 23:32:22,160 [Worker-15] INFO  o.e.m.c.i.e.AbstractTransferListenerAdapter - Downloaded https://repo.maven.apache.org/maven2/com/google/code/findbugs/jsr305/1.3.9/jsr305-1.3.9.pom
2015-08-01 23:32:22,768 [Worker-15] INFO  o.e.m.c.i.e.AbstractTransferListenerAdapter - Downloading https://repo.maven.apache.org/maven2/org/apache/httpcomponents/httpclient/4.0.1/httpclient-4.0.1.pom
2015-08-01 23:32:23,059 [Worker-15] INFO  o.e.m.c.i.e.AbstractTransferListenerAdapter - Downloaded https://repo.maven.apache.org/maven2/org/apache/httpcomponents/httpclient/4.0.1/httpclient-4.0.1.pom
2015-08-01 23:32:23,766 [Worker-15] INFO  o.e.m.c.i.e.AbstractTransferListenerAdapter - Downloading https://repo.maven.apache.org/maven2/org/apache/httpcomponents/httpcomponents-client/4.0.1/httpcomponents-client-4.0.1.pom
2015-08-01 23:32:25,849 [Worker-15] INFO  o.e.m.c.i.e.AbstractTransferListenerAdapter - Downloaded https://repo.maven.apache.org/maven2/org/apache/httpcomponents/httpcomponents-client/4.0.1/httpcomponents-client-4.0.1.pom
2015-08-01 23:32:26,461 [Worker-15] INFO  o.e.m.c.i.e.AbstractTransferListenerAdapter - Downloading https://repo.maven.apache.org/maven2/org/apache/httpcomponents/project/4.0/project-4.0.pom
2015-08-01 23:32:26,752 [Worker-15] INFO  o.e.m.c.i.e.AbstractTransferListenerAdapter - Downloaded https://repo.maven.apache.org/maven2/org/apache/httpcomponents/project/4.0/project-4.0.pom
2015-08-01 23:32:28,368 [Worker-15] INFO  o.e.m.c.i.e.AbstractTransferListenerAdapter - Downloading https://repo.maven.apache.org/maven2/org/apache/httpcomponents/httpcore/4.0.1/httpcore-4.0.1.pom
2015-08-01 23:32:30,136 [Worker-15] INFO  o.e.m.c.i.e.AbstractTransferListenerAdapter - Downloaded https://repo.maven.apache.org/maven2/org/apache/httpcomponents/httpcore/4.0.1/httpcore-4.0.1.pom
2015-08-01 23:32:30,476 [Worker-15] INFO  o.e.m.c.i.e.AbstractTransferListenerAdapter - Downloading https://repo.maven.apache.org/maven2/org/apache/httpcomponents/httpcomponents-core/4.0.1/httpcomponents-core-4.0.1.pom
2015-08-01 23:32:30,771 [Worker-15] INFO  o.e.m.c.i.e.AbstractTransferListenerAdapter - Downloaded https://repo.maven.apache.org/maven2/org/apache/httpcomponents/httpcomponents-core/4.0.1/httpcomponents-core-4.0.1.pom
2015-08-01 23:32:31,390 [Worker-15] INFO  o.e.m.c.i.e.AbstractTransferListenerAdapter - Downloading https://repo.maven.apache.org/maven2/commons-logging/commons-logging/1.1.1/commons-logging-1.1.1.pom
2015-08-01 23:32:33,082 [Worker-15] INFO  o.e.m.c.i.e.AbstractTransferListenerAdapter - Downloaded https://repo.maven.apache.org/maven2/commons-logging/commons-logging/1.1.1/commons-logging-1.1.1.pom
2015-08-01 23:32:33,701 [Worker-15] INFO  o.e.m.c.i.e.AbstractTransferListenerAdapter - Downloading https://repo.maven.apache.org/maven2/org/apache/commons/commons-parent/5/commons-parent-5.pom
2015-08-01 23:32:35,372 [Worker-15] INFO  o.e.m.c.i.e.AbstractTransferListenerAdapter - Downloaded https://repo.maven.apache.org/maven2/org/apache/commons/commons-parent/5/commons-parent-5.pom
2015-08-01 23:32:35,702 [Worker-15] INFO  o.e.m.c.i.e.AbstractTransferListenerAdapter - Downloading https://repo.maven.apache.org/maven2/org/apache/apache/4/apache-4.pom
2015-08-01 23:32:35,998 [Worker-15] INFO  o.e.m.c.i.e.AbstractTransferListenerAdapter - Downloaded https://repo.maven.apache.org/maven2/org/apache/apache/4/apache-4.pom
2015-08-01 23:32:37,986 [Worker-15] INFO  o.e.m.c.i.e.AbstractTransferListenerAdapter - Downloading https://repo.maven.apache.org/maven2/commons-codec/commons-codec/1.3/commons-codec-1.3.pom
2015-08-01 23:32:40,139 [Worker-15] INFO  o.e.m.c.i.e.AbstractTransferListenerAdapter - Downloaded https://repo.maven.apache.org/maven2/commons-codec/commons-codec/1.3/commons-codec-1.3.pom
2015-08-01 23:32:40,464 [Worker-15] INFO  o.e.m.c.i.e.AbstractTransferListenerAdapter - Downloading https://repo.maven.apache.org/maven2/com/google/http-client/google-http-client-jackson2/1.19.0/google-http-client-jackson2-1.19.0.pom
2015-08-01 23:32:42,601 [Worker-15] INFO  o.e.m.c.i.e.AbstractTransferListenerAdapter - Downloaded https://repo.maven.apache.org/maven2/com/google/http-client/google-http-client-jackson2/1.19.0/google-http-client-jackson2-1.19.0.pom
2015-08-01 23:32:42,954 [Worker-15] INFO  o.e.m.c.i.e.AbstractTransferListenerAdapter - Downloading https://repo.maven.apache.org/maven2/com/fasterxml/jackson/core/jackson-core/2.1.3/jackson-core-2.1.3.pom
2015-08-01 23:32:43,248 [Worker-15] INFO  o.e.m.c.i.e.AbstractTransferListenerAdapter - Downloaded https://repo.maven.apache.org/maven2/com/fasterxml/jackson/core/jackson-core/2.1.3/jackson-core-2.1.3.pom
2015-08-01 23:32:43,619 [Worker-15] INFO  o.e.m.c.i.e.AbstractTransferListenerAdapter - Downloading https://repo.maven.apache.org/maven2/com/fasterxml/oss-parent/4/oss-parent-4.pom
2015-08-01 23:32:45,303 [Worker-15] INFO  o.e.m.c.i.e.AbstractTransferListenerAdapter - Downloaded https://repo.maven.apache.org/maven2/com/fasterxml/oss-parent/4/oss-parent-4.pom
2015-08-01 23:32:45,659 [Worker-15] INFO  o.e.m.c.i.e.AbstractTransferListenerAdapter - Downloading https://repo.maven.apache.org/maven2/com/google/guava/guava-jdk5/13.0/guava-jdk5-13.0.pom
2015-08-01 23:32:47,592 [Worker-15] INFO  o.e.m.c.i.e.AbstractTransferListenerAdapter - Downloaded https://repo.maven.apache.org/maven2/com/google/guava/guava-jdk5/13.0/guava-jdk5-13.0.pom
2015-08-01 23:32:47,907 [Worker-15] INFO  o.e.m.c.i.e.AbstractTransferListenerAdapter - Downloading https://repo.maven.apache.org/maven2/com/google/guava/guava-parent-jdk5/13.0/guava-parent-jdk5-13.0.pom
2015-08-01 23:32:49,792 [Worker-15] INFO  o.e.m.c.i.e.AbstractTransferListenerAdapter - Downloaded https://repo.maven.apache.org/maven2/com/google/guava/guava-parent-jdk5/13.0/guava-parent-jdk5-13.0.pom
2015-08-01 23:32:50,133 [Worker-15] INFO  o.e.m.c.i.e.AbstractTransferListenerAdapter - Downloading https://repo.maven.apache.org/maven2/com/google/api-client/google-api-client-appengine/1.15.0-rc/google-api-client-appengine-1.15.0-rc.pom
2015-08-01 23:32:51,946 [Worker-15] INFO  o.e.m.c.i.e.AbstractTransferListenerAdapter - Downloaded https://repo.maven.apache.org/maven2/com/google/api-client/google-api-client-appengine/1.15.0-rc/google-api-client-appengine-1.15.0-rc.pom
2015-08-01 23:32:52,359 [Worker-15] INFO  o.e.m.c.i.e.AbstractTransferListenerAdapter - Downloading https://repo.maven.apache.org/maven2/com/google/api-client/google-api-client-parent/1.15.0-rc/google-api-client-parent-1.15.0-rc.pom
2015-08-01 23:32:52,877 [Worker-15] INFO  o.e.m.c.i.e.AbstractTransferListenerAdapter - Downloaded https://repo.maven.apache.org/maven2/com/google/api-client/google-api-client-parent/1.15.0-rc/google-api-client-parent-1.15.0-rc.pom
2015-08-01 23:32:53,282 [Worker-15] INFO  o.e.m.c.i.e.AbstractTransferListenerAdapter - Downloading https://repo.maven.apache.org/maven2/com/google/oauth-client/google-oauth-client-appengine/1.15.0-rc/google-oauth-client-appengine-1.15.0-rc.pom
2015-08-01 23:32:55,124 [Worker-15] INFO  o.e.m.c.i.e.AbstractTransferListenerAdapter - Downloaded https://repo.maven.apache.org/maven2/com/google/oauth-client/google-oauth-client-appengine/1.15.0-rc/google-oauth-client-appengine-1.15.0-rc.pom
2015-08-01 23:32:55,771 [Worker-15] INFO  o.e.m.c.i.e.AbstractTransferListenerAdapter - Downloading https://repo.maven.apache.org/maven2/com/google/oauth-client/google-oauth-client-parent/1.15.0-rc/google-oauth-client-parent-1.15.0-rc.pom
2015-08-01 23:32:57,302 [Worker-15] INFO  o.e.m.c.i.e.AbstractTransferListenerAdapter - Downloaded https://repo.maven.apache.org/maven2/com/google/oauth-client/google-oauth-client-parent/1.15.0-rc/google-oauth-client-parent-1.15.0-rc.pom
2015-08-01 23:32:57,702 [Worker-15] INFO  o.e.m.c.i.e.AbstractTransferListenerAdapter - Downloading https://repo.maven.apache.org/maven2/com/google/http-client/google-http-client-appengine/1.15.0-rc/google-http-client-appengine-1.15.0-rc.pom
2015-08-01 23:32:59,458 [Worker-15] INFO  o.e.m.c.i.e.AbstractTransferListenerAdapter - Downloaded https://repo.maven.apache.org/maven2/com/google/http-client/google-http-client-appengine/1.15.0-rc/google-http-client-appengine-1.15.0-rc.pom
2015-08-01 23:33:00,092 [Worker-15] INFO  o.e.m.c.i.e.AbstractTransferListenerAdapter - Downloading https://repo.maven.apache.org/maven2/com/google/http-client/google-http-client-parent/1.15.0-rc/google-http-client-parent-1.15.0-rc.pom
2015-08-01 23:33:01,575 [Worker-15] INFO  o.e.m.c.i.e.AbstractTransferListenerAdapter - Downloaded https://repo.maven.apache.org/maven2/com/google/http-client/google-http-client-parent/1.15.0-rc/google-http-client-parent-1.15.0-rc.pom
2015-08-01 23:33:01,907 [Worker-15] INFO  o.e.m.c.i.e.AbstractTransferListenerAdapter - Downloading https://repo.maven.apache.org/maven2/com/google/http-client/google-http-client/1.15.0-rc/google-http-client-1.15.0-rc.pom
2015-08-01 23:33:02,247 [Worker-15] INFO  o.e.m.c.i.e.AbstractTransferListenerAdapter - Downloaded https://repo.maven.apache.org/maven2/com/google/http-client/google-http-client/1.15.0-rc/google-http-client-1.15.0-rc.pom
2015-08-01 23:33:02,576 [Worker-15] INFO  o.e.m.c.i.e.AbstractTransferListenerAdapter - Downloading https://repo.maven.apache.org/maven2/xpp3/xpp3/1.1.4c/xpp3-1.1.4c.pom
2015-08-01 23:33:02,867 [Worker-15] INFO  o.e.m.c.i.e.AbstractTransferListenerAdapter - Downloaded https://repo.maven.apache.org/maven2/xpp3/xpp3/1.1.4c/xpp3-1.1.4c.pom
2015-08-01 23:33:03,179 [Worker-15] INFO  o.e.m.c.i.e.AbstractTransferListenerAdapter - Downloading https://repo.maven.apache.org/maven2/com/google/oauth-client/google-oauth-client/1.15.0-rc/google-oauth-client-1.15.0-rc.pom
2015-08-01 23:33:05,114 [Worker-15] INFO  o.e.m.c.i.e.AbstractTransferListenerAdapter - Downloaded https://repo.maven.apache.org/maven2/com/google/oauth-client/google-oauth-client/1.15.0-rc/google-oauth-client-1.15.0-rc.pom
2015-08-01 23:33:05,462 [Worker-15] INFO  o.e.m.c.i.e.AbstractTransferListenerAdapter - Downloading https://repo.maven.apache.org/maven2/com/google/oauth-client/google-oauth-client-servlet/1.15.0-rc/google-oauth-client-servlet-1.15.0-rc.pom
2015-08-01 23:33:07,296 [Worker-15] INFO  o.e.m.c.i.e.AbstractTransferListenerAdapter - Downloaded https://repo.maven.apache.org/maven2/com/google/oauth-client/google-oauth-client-servlet/1.15.0-rc/google-oauth-client-servlet-1.15.0-rc.pom
2015-08-01 23:33:07,607 [Worker-15] INFO  o.e.m.c.i.e.AbstractTransferListenerAdapter - Downloading https://repo.maven.apache.org/maven2/javax/servlet/servlet-api/2.5/servlet-api-2.5.pom
2015-08-01 23:33:07,916 [Worker-15] INFO  o.e.m.c.i.e.AbstractTransferListenerAdapter - Downloaded https://repo.maven.apache.org/maven2/javax/servlet/servlet-api/2.5/servlet-api-2.5.pom
2015-08-01 23:33:08,234 [Worker-15] INFO  o.e.m.c.i.e.AbstractTransferListenerAdapter - Downloading https://repo.maven.apache.org/maven2/javax/jdo/jdo2-api/2.3-eb/jdo2-api-2.3-eb.pom
2015-08-01 23:33:09,970 [Worker-15] INFO  o.e.m.c.i.e.AbstractTransferListenerAdapter - Downloaded https://repo.maven.apache.org/maven2/javax/jdo/jdo2-api/2.3-eb/jdo2-api-2.3-eb.pom
2015-08-01 23:33:10,274 [Worker-15] INFO  o.e.m.c.i.e.AbstractTransferListenerAdapter - Downloading https://repo.maven.apache.org/maven2/javax/transaction/transaction-api/1.1/transaction-api-1.1.pom
2015-08-01 23:33:12,248 [Worker-15] INFO  o.e.m.c.i.e.AbstractTransferListenerAdapter - Downloaded https://repo.maven.apache.org/maven2/javax/transaction/transaction-api/1.1/transaction-api-1.1.pom
2015-08-01 23:33:12,642 [Worker-15] INFO  o.e.m.c.i.e.AbstractTransferListenerAdapter - Downloading https://repo.maven.apache.org/maven2/com/google/http-client/google-http-client-jackson/1.15.0-rc/google-http-client-jackson-1.15.0-rc.pom
2015-08-01 23:33:14,580 [Worker-15] INFO  o.e.m.c.i.e.AbstractTransferListenerAdapter - Downloaded https://repo.maven.apache.org/maven2/com/google/http-client/google-http-client-jackson/1.15.0-rc/google-http-client-jackson-1.15.0-rc.pom
2015-08-01 23:33:14,901 [Worker-15] INFO  o.e.m.c.i.e.AbstractTransferListenerAdapter - Downloading https://repo.maven.apache.org/maven2/org/codehaus/jackson/jackson-core-asl/1.9.11/jackson-core-asl-1.9.11.pom
2015-08-01 23:33:17,037 [Worker-15] INFO  o.e.m.c.i.e.AbstractTransferListenerAdapter - Downloaded https://repo.maven.apache.org/maven2/org/codehaus/jackson/jackson-core-asl/1.9.11/jackson-core-asl-1.9.11.pom
2015-08-01 23:33:17,350 [Worker-15] INFO  o.e.m.c.i.e.AbstractTransferListenerAdapter - Downloading https://repo.maven.apache.org/maven2/com/google/api-client/google-api-client/1.15.0-rc/google-api-client-1.15.0-rc.pom
2015-08-01 23:33:19,104 [Worker-15] INFO  o.e.m.c.i.e.AbstractTransferListenerAdapter - Downloaded https://repo.maven.apache.org/maven2/com/google/api-client/google-api-client/1.15.0-rc/google-api-client-1.15.0-rc.pom
2015-08-01 23:33:19,443 [Worker-15] INFO  o.e.m.c.i.e.AbstractTransferListenerAdapter - Downloading https://repo.maven.apache.org/maven2/com/google/api-client/google-api-client-servlet/1.15.0-rc/google-api-client-servlet-1.15.0-rc.pom
2015-08-01 23:33:21,293 [Worker-15] INFO  o.e.m.c.i.e.AbstractTransferListenerAdapter - Downloaded https://repo.maven.apache.org/maven2/com/google/api-client/google-api-client-servlet/1.15.0-rc/google-api-client-servlet-1.15.0-rc.pom
2015-08-01 23:33:21,674 [Worker-15] INFO  o.e.m.c.i.e.AbstractTransferListenerAdapter - Downloading https://repo.maven.apache.org/maven2/net/sf/jsr107cache/jsr107cache/1.1/jsr107cache-1.1.pom
2015-08-01 23:33:21,978 [Worker-15] INFO  o.e.m.c.i.e.AbstractTransferListenerAdapter - Downloaded https://repo.maven.apache.org/maven2/net/sf/jsr107cache/jsr107cache/1.1/jsr107cache-1.1.pom
2015-08-01 23:33:22,304 [Worker-15] INFO  o.e.m.c.i.e.AbstractTransferListenerAdapter - Downloading https://repo.maven.apache.org/maven2/com/google/http-client/google-http-client-jackson2/1.15.0-rc/google-http-client-jackson2-1.15.0-rc.pom
2015-08-01 23:33:24,199 [Worker-15] INFO  o.e.m.c.i.e.AbstractTransferListenerAdapter - Downloaded https://repo.maven.apache.org/maven2/com/google/http-client/google-http-client-jackson2/1.15.0-rc/google-http-client-jackson2-1.15.0-rc.pom
2015-08-01 23:33:24,516 [Worker-15] INFO  o.e.m.c.i.e.AbstractTransferListenerAdapter - Downloading https://repo.maven.apache.org/maven2/com/google/appengine/appengine-api-1.0-sdk/1.8.3/appengine-api-1.0-sdk-1.8.3.pom
2015-08-01 23:33:26,399 [Worker-15] INFO  o.e.m.c.i.e.AbstractTransferListenerAdapter - Downloaded https://repo.maven.apache.org/maven2/com/google/appengine/appengine-api-1.0-sdk/1.8.3/appengine-api-1.0-sdk-1.8.3.pom
2015-08-01 23:33:26,414 [Worker-15] INFO  o.e.m.c.i.e.AbstractTransferListenerAdapter - Downloaded https://repo.maven.apache.org/maven2/com/google/appengine/appengine/1.8.3/appengine-1.8.3.pom
2015-08-01 23:33:28,677 [Worker-15] INFO  o.e.m.c.i.e.AbstractTransferListenerAdapter - Downloaded https://repo.maven.apache.org/maven2/org/apache/maven/plugins/maven-resources-plugin/2.6/maven-resources-plugin-2.6.pom
2015-08-01 23:33:29,565 [Worker-20] INFO  o.e.m.c.i.l.LifecycleMappingFactory - Using org.maven.ide.eclipse.wtp.WarLifecycleMapping lifecycle mapping for MavenProject: com.google.apis-samples:plus-preview-appengine-sample:1 @ I:\GitHubData\clientSamples\google-api-java-client-samples\plus-preview-appengine-sample\pom.xml.
2015-08-01 23:33:32,574 [Worker-21] INFO  o.e.m.c.i.l.LifecycleMappingFactory - Using org.maven.ide.eclipse.wtp.WarLifecycleMapping lifecycle mapping for MavenProject: com.google.apis-samples:plus-preview-appengine-sample:1 @ I:\GitHubData\clientSamples\google-api-java-client-samples\plus-preview-appengine-sample\pom.xml.
2015-08-01 23:33:33,084 [Worker-21] INFO  o.e.m.c.i.e.AbstractTransferListenerAdapter - Downloading https://repo.maven.apache.org/maven2/com/google/apis/google-api-services-plus/v1-rev240-1.20.0/google-api-services-plus-v1-rev240-1.20.0.pom
2015-08-01 23:33:34,060 [Worker-21] INFO  o.e.m.c.i.e.AbstractTransferListenerAdapter - Downloaded https://repo.maven.apache.org/maven2/com/google/apis/google-api-services-plus/v1-rev240-1.20.0/google-api-services-plus-v1-rev240-1.20.0.pom
2015-08-01 23:33:34,386 [Worker-21] INFO  o.e.m.c.i.e.AbstractTransferListenerAdapter - Downloading https://repo.maven.apache.org/maven2/com/google/api-client/google-api-client/1.20.0/google-api-client-1.20.0.pom
2015-08-01 23:33:36,483 [Worker-21] INFO  o.e.m.c.i.e.AbstractTransferListenerAdapter - Downloaded https://repo.maven.apache.org/maven2/com/google/api-client/google-api-client/1.20.0/google-api-client-1.20.0.pom
2015-08-01 23:33:37,247 [Worker-21] INFO  o.e.m.c.i.e.AbstractTransferListenerAdapter - Downloading https://repo.maven.apache.org/maven2/com/google/api-client/google-api-client-parent/1.20.0/google-api-client-parent-1.20.0.pom
2015-08-01 23:33:39,271 [Worker-21] INFO  o.e.m.c.i.e.AbstractTransferListenerAdapter - Downloaded https://repo.maven.apache.org/maven2/com/google/api-client/google-api-client-parent/1.20.0/google-api-client-parent-1.20.0.pom
2015-08-01 23:33:39,714 [Worker-21] INFO  o.e.m.c.i.e.AbstractTransferListenerAdapter - Downloading https://repo.maven.apache.org/maven2/com/google/oauth-client/google-oauth-client/1.20.0/google-oauth-client-1.20.0.pom
2015-08-01 23:33:41,869 [Worker-21] INFO  o.e.m.c.i.e.AbstractTransferListenerAdapter - Downloaded https://repo.maven.apache.org/maven2/com/google/oauth-client/google-oauth-client/1.20.0/google-oauth-client-1.20.0.pom
2015-08-01 23:33:42,502 [Worker-21] INFO  o.e.m.c.i.e.AbstractTransferListenerAdapter - Downloading https://repo.maven.apache.org/maven2/com/google/oauth-client/google-oauth-client-parent/1.20.0/google-oauth-client-parent-1.20.0.pom
2015-08-01 23:33:44,082 [Worker-21] INFO  o.e.m.c.i.e.AbstractTransferListenerAdapter - Downloaded https://repo.maven.apache.org/maven2/com/google/oauth-client/google-oauth-client-parent/1.20.0/google-oauth-client-parent-1.20.0.pom
2015-08-01 23:33:44,431 [Worker-21] INFO  o.e.m.c.i.e.AbstractTransferListenerAdapter - Downloading https://repo.maven.apache.org/maven2/com/google/http-client/google-http-client/1.20.0/google-http-client-1.20.0.pom
2015-08-01 23:33:44,855 [Worker-21] INFO  o.e.m.c.i.e.AbstractTransferListenerAdapter - Downloaded https://repo.maven.apache.org/maven2/com/google/http-client/google-http-client/1.20.0/google-http-client-1.20.0.pom
2015-08-01 23:33:45,267 [Worker-21] INFO  o.e.m.c.i.e.AbstractTransferListenerAdapter - Downloading https://repo.maven.apache.org/maven2/com/google/http-client/google-http-client-parent/1.20.0/google-http-client-parent-1.20.0.pom
2015-08-01 23:33:46,999 [Worker-21] INFO  o.e.m.c.i.e.AbstractTransferListenerAdapter - Downloaded https://repo.maven.apache.org/maven2/com/google/http-client/google-http-client-parent/1.20.0/google-http-client-parent-1.20.0.pom
2015-08-01 23:33:47,325 [Worker-21] INFO  o.e.m.c.i.e.AbstractTransferListenerAdapter - Downloading https://repo.maven.apache.org/maven2/com/google/http-client/google-http-client-jackson2/1.20.0/google-http-client-jackson2-1.20.0.pom
2015-08-01 23:33:49,136 [Worker-21] INFO  o.e.m.c.i.e.AbstractTransferListenerAdapter - Downloaded https://repo.maven.apache.org/maven2/com/google/http-client/google-http-client-jackson2/1.20.0/google-http-client-jackson2-1.20.0.pom
2015-08-02 01:36:37,879 [Worker-32] INFO  o.e.m.i.launch.MavenLaunchDelegate - I:\GitHubData\clientSamples\google-api-java-client-samples\plus-preview-appengine-sample
2015-08-02 01:36:37,880 [Worker-32] INFO  o.e.m.i.launch.MavenLaunchDelegate -  mvn  -B install
2015-08-02 02:42:11,564 [Worker-39] INFO  o.e.m.c.i.embedder.EclipseLogger - Using 'UTF-8' encoding to copy filtered resources.
2015-08-02 02:42:11,605 [Worker-39] INFO  o.e.m.c.i.embedder.EclipseLogger - Copying 2 resources
2015-08-02 02:42:11,627 [Worker-39] INFO  o.e.m.c.i.embedder.EclipseLogger - Using 'UTF-8' encoding to copy filtered resources.
2015-08-02 02:42:11,627 [Worker-39] INFO  o.e.m.c.i.embedder.EclipseLogger - skip non existing resourceDirectory I:\GitHubData\clientSamples\google-api-java-client-samples\plus-preview-appengine-sample\src\test\resources
2015-08-02 02:42:11,659 [Worker-39] INFO  o.e.m.w.i.f.ResourceFilteringBuildParticipant - Changed resources require a complete clean of filtered resources of plus-preview-appengine-sample
2015-08-02 02:42:11,662 [Worker-39] INFO  o.e.m.w.i.f.ResourceFilteringBuildParticipant - Executing resource filtering for plus-preview-appengine-sample
2015-08-02 02:42:11,683 [Worker-39] WARN  o.e.m.c.i.embedder.EclipseLogger - The POM for com.google.appengine:appengine-maven-plugin:jar:1.8.3 is missing, no dependency information available
2015-08-02 02:42:11,717 [Worker-39] WARN  o.e.m.c.i.embedder.EclipseLogger - Failed to retrieve plugin descriptor for com.google.appengine:appengine-maven-plugin:1.8.3: Plugin com.google.appengine:appengine-maven-plugin:1.8.3 or one of its dependencies could not be resolved: Cannot access central (https://repo.maven.apache.org/maven2) in offline mode and the artifact com.google.appengine:appengine-maven-plugin:jar:1.8.3 has not been downloaded from it before.
2015-08-02 02:42:11,745 [Worker-39] WARN  o.e.m.c.i.embedder.EclipseLogger - The POM for org.apache.maven.plugins:maven-clean-plugin:jar:2.5 is missing, no dependency information available
2015-08-02 02:42:11,791 [Worker-39] WARN  o.e.m.c.i.embedder.EclipseLogger - The POM for com.google.appengine:appengine-maven-plugin:jar:1.8.3 is missing, no dependency information available
2015-08-02 02:42:11,796 [Worker-39] WARN  o.e.m.c.i.embedder.EclipseLogger - Failed to retrieve plugin descriptor for com.google.appengine:appengine-maven-plugin:1.8.3: Plugin com.google.appengine:appengine-maven-plugin:1.8.3 or one of its dependencies could not be resolved: Cannot access central (https://repo.maven.apache.org/maven2) in offline mode and the artifact com.google.appengine:appengine-maven-plugin:jar:1.8.3 has not been downloaded from it before.
2015-08-02 02:42:11,810 [Worker-39] INFO  o.e.m.c.i.embedder.EclipseLogger - Using 'UTF-8' encoding to copy filtered resources.
2015-08-04 21:18:38,901 [Worker-17] INFO  o.e.m.c.i.embedder.EclipseLogger - Using 'UTF-8' encoding to copy filtered resources.
2015-08-04 21:18:38,951 [Worker-17] INFO  o.e.m.c.i.embedder.EclipseLogger - Copying 2 resources
2015-08-04 21:18:38,973 [Worker-17] INFO  o.e.m.c.i.embedder.EclipseLogger - Using 'UTF-8' encoding to copy filtered resources.
2015-08-04 21:18:38,974 [Worker-17] INFO  o.e.m.c.i.embedder.EclipseLogger - skip non existing resourceDirectory I:\GitHubData\clientSamples\google-api-java-client-samples\plus-preview-appengine-sample\src\test\resources
2015-08-04 22:40:18,336 [Worker-22] INFO  o.e.m.c.i.l.LifecycleMappingFactory - Using org.maven.ide.eclipse.wtp.WarLifecycleMapping lifecycle mapping for MavenProject: com.google.apis-samples:plus-preview-appengine-sample:1 @ I:\GitHubData\clientSamples\google-api-java-client-samples\plus-preview-appengine-sample\pom.xml.
2015-08-04 22:40:20,860 [Worker-22] INFO  o.e.m.c.i.e.AbstractTransferListenerAdapter - Downloading https://repo.maven.apache.org/maven2/com/google/apis/google-api-services-plus/v1-rev241-1.20.0/google-api-services-plus-v1-rev241-1.20.0.pom
2015-08-04 22:40:23,518 [Worker-22] INFO  o.e.m.c.i.e.AbstractTransferListenerAdapter - Downloaded https://repo.maven.apache.org/maven2/com/google/apis/google-api-services-plus/v1-rev241-1.20.0/google-api-services-plus-v1-rev241-1.20.0.pom
2015-08-04 22:40:24,527 [Worker-22] INFO  o.e.m.c.i.e.AbstractTransferListenerAdapter - Downloading https://repo.maven.apache.org/maven2/com/google/apis/google-api-services-plus/v1-rev241-1.20.0/google-api-services-plus-v1-rev241-1.20.0.jar
2015-08-04 22:40:25,562 [Worker-22] INFO  o.e.m.c.i.e.AbstractTransferListenerAdapter - Downloaded https://repo.maven.apache.org/maven2/com/google/apis/google-api-services-plus/v1-rev241-1.20.0/google-api-services-plus-v1-rev241-1.20.0.jar
2015-08-04 22:40:29,905 [Worker-22] INFO  o.e.m.c.i.embedder.EclipseLogger - Using 'UTF-8' encoding to copy filtered resources.
2015-08-04 22:40:29,907 [Worker-22] INFO  o.e.m.c.i.embedder.EclipseLogger - Copying 0 resource
2015-08-04 22:40:29,910 [Worker-22] INFO  o.e.m.c.i.embedder.EclipseLogger - Using 'UTF-8' encoding to copy filtered resources.
2015-08-04 22:40:29,910 [Worker-22] INFO  o.e.m.c.i.embedder.EclipseLogger - skip non existing resourceDirectory I:\GitHubData\clientSamples\google-api-java-client-samples\plus-preview-appengine-sample\src\test\resources
2015-08-04 22:40:29,933 [Worker-22] INFO  o.e.m.w.i.f.ResourceFilteringBuildParticipant - Changed resources require a complete clean of filtered resources of plus-preview-appengine-sample
2015-08-04 22:40:29,933 [Worker-22] INFO  o.e.m.w.i.f.ResourceFilteringBuildParticipant - Executing resource filtering for plus-preview-appengine-sample
2015-08-04 22:40:29,940 [Worker-22] WARN  o.e.m.c.i.embedder.EclipseLogger - The POM for com.google.appengine:appengine-maven-plugin:jar:1.8.3 is missing, no dependency information available
2015-08-04 22:40:29,943 [Worker-22] WARN  o.e.m.c.i.embedder.EclipseLogger - Failed to retrieve plugin descriptor for com.google.appengine:appengine-maven-plugin:1.8.3: Plugin com.google.appengine:appengine-maven-plugin:1.8.3 or one of its dependencies could not be resolved: Cannot access central (https://repo.maven.apache.org/maven2) in offline mode and the artifact com.google.appengine:appengine-maven-plugin:jar:1.8.3 has not been downloaded from it before.
2015-08-04 22:40:29,945 [Worker-22] WARN  o.e.m.c.i.embedder.EclipseLogger - The POM for org.apache.maven.plugins:maven-clean-plugin:jar:2.5 is missing, no dependency information available
2015-08-04 22:40:29,951 [Worker-22] WARN  o.e.m.c.i.embedder.EclipseLogger - The POM for com.google.appengine:appengine-maven-plugin:jar:1.8.3 is missing, no dependency information available
2015-08-04 22:40:29,953 [Worker-22] WARN  o.e.m.c.i.embedder.EclipseLogger - Failed to retrieve plugin descriptor for com.google.appengine:appengine-maven-plugin:1.8.3: Plugin com.google.appengine:appengine-maven-plugin:1.8.3 or one of its dependencies could not be resolved: Cannot access central (https://repo.maven.apache.org/maven2) in offline mode and the artifact com.google.appengine:appengine-maven-plugin:jar:1.8.3 has not been downloaded from it before.
2015-08-04 22:40:29,960 [Worker-22] INFO  o.e.m.c.i.embedder.EclipseLogger - Using 'UTF-8' encoding to copy filtered resources.
2015-08-04 22:40:30,553 [Worker-21] INFO  o.e.m.w.i.f.ResourceFilteringBuildParticipant - Cleaning filtered folder for plus-preview-appengine-sample
2015-08-04 22:40:31,114 [Worker-5] INFO  o.e.m.c.i.embedder.EclipseLogger - Using 'UTF-8' encoding to copy filtered resources.
2015-08-04 22:40:31,115 [Worker-5] INFO  o.e.m.c.i.embedder.EclipseLogger - Copying 2 resources
2015-08-04 22:40:31,128 [Worker-5] INFO  o.e.m.c.i.embedder.EclipseLogger - Using 'UTF-8' encoding to copy filtered resources.
2015-08-04 22:40:31,128 [Worker-5] INFO  o.e.m.c.i.embedder.EclipseLogger - skip non existing resourceDirectory I:\GitHubData\clientSamples\google-api-java-client-samples\plus-preview-appengine-sample\src\test\resources
2015-08-04 22:40:31,129 [Worker-5] INFO  o.e.m.w.i.f.ResourceFilteringBuildParticipant - Changed resources require a complete clean of filtered resources of plus-preview-appengine-sample
2015-08-04 22:40:31,129 [Worker-5] INFO  o.e.m.w.i.f.ResourceFilteringBuildParticipant - Executing resource filtering for plus-preview-appengine-sample
2015-08-04 22:40:31,135 [Worker-5] WARN  o.e.m.c.i.embedder.EclipseLogger - The POM for com.google.appengine:appengine-maven-plugin:jar:1.8.3 is missing, no dependency information available
2015-08-04 22:40:31,138 [Worker-5] WARN  o.e.m.c.i.embedder.EclipseLogger - Failed to retrieve plugin descriptor for com.google.appengine:appengine-maven-plugin:1.8.3: Plugin com.google.appengine:appengine-maven-plugin:1.8.3 or one of its dependencies could not be resolved: Cannot access central (https://repo.maven.apache.org/maven2) in offline mode and the artifact com.google.appengine:appengine-maven-plugin:jar:1.8.3 has not been downloaded from it before.
2015-08-04 22:40:31,141 [Worker-5] WARN  o.e.m.c.i.embedder.EclipseLogger - The POM for com.google.appengine:appengine-maven-plugin:jar:1.8.3 is missing, no dependency information available
2015-08-04 22:40:31,144 [Worker-5] WARN  o.e.m.c.i.embedder.EclipseLogger - Failed to retrieve plugin descriptor for com.google.appengine:appengine-maven-plugin:1.8.3: Plugin com.google.appengine:appengine-maven-plugin:1.8.3 or one of its dependencies could not be resolved: Cannot access central (https://repo.maven.apache.org/maven2) in offline mode and the artifact com.google.appengine:appengine-maven-plugin:jar:1.8.3 has not been downloaded from it before.
2015-08-04 22:40:31,150 [Worker-5] INFO  o.e.m.c.i.embedder.EclipseLogger - Using 'UTF-8' encoding to copy filtered resources.
2015-08-04 23:25:35,561 [Worker-32] INFO  o.e.m.c.i.e.AbstractTransferListenerAdapter - Downloading https://repo.maven.apache.org/maven2/com/google/api-client/google-api-client/1.15.0-rc/google-api-client-1.15.0-rc-sources.jar
2015-08-04 23:25:37,442 [Worker-32] INFO  o.e.m.c.i.e.AbstractTransferListenerAdapter - Downloaded https://repo.maven.apache.org/maven2/com/google/api-client/google-api-client/1.15.0-rc/google-api-client-1.15.0-rc-sources.jar
2015-08-04 23:25:38,701 [Worker-32] INFO  o.e.m.j.internal.DownloadSourcesJob - Downloaded sources for com.google.api-client:google-api-client:1.15.0-rc
2015-08-04 23:25:44,938 [Worker-33] INFO  o.e.m.c.i.e.AbstractTransferListenerAdapter - Downloading https://repo.maven.apache.org/maven2/com/google/oauth-client/google-oauth-client/1.15.0-rc/google-oauth-client-1.15.0-rc-sources.jar
2015-08-04 23:25:45,765 [Worker-33] INFO  o.e.m.c.i.e.AbstractTransferListenerAdapter - Downloaded https://repo.maven.apache.org/maven2/com/google/oauth-client/google-oauth-client/1.15.0-rc/google-oauth-client-1.15.0-rc-sources.jar
2015-08-04 23:25:47,458 [Worker-33] INFO  o.e.m.j.internal.DownloadSourcesJob - Downloaded sources for com.google.oauth-client:google-oauth-client:1.15.0-rc
